[Sun, 27 May 2012 04:44:10 GMT] INFO Server starting with config: {
  "environment": "development",
  "workers": 1,
  "port": 4000,
  "debug": true,
  "rotateWorkers": false,
  "rotationWindow": 7200000,
  "rotationTimeout": 300000,
  "logDir": "/home/liam/work/gistblog/log",
  "gracefulShutdownTimeout": 30000,
  "heartbeatInterval": 5000,
  "heartbeatWindow": 20000,
  "staticFilePath": "/home/liam/work/gistblog/public",
  "sessions": {
    "store": "memory",
    "key": "sid",
    "expiry": 1209600
  },
  "cookieSessionKey": "sdata",
  "metrics": null,
  "i18n": {
    "defaultLocale": "en-us",
    "loadPaths": [
      "/home/liam/work/gistblog/config/locales"
    ]
  },
  "ssl": null,
  "model": {
    "useTimestamps": false,
    "forceCamel": true
  },
  "detailedErrors": true,
  "hostname": null
}
[Sun, 27 May 2012 04:44:10 GMT] INFO Creating 1 worker process.
[Sun, 27 May 2012 04:44:11 GMT] INFO Server worker running in development on port 4000 with a PID of: 2517
[Sun, 27 May 2012 04:44:11 GMT] DEBUG LOGGING STARTED ============================================
[Sun, 27 May 2012 04:44:11 GMT] DEBUG ============================================================
[Sun, 27 May 2012 04:46:06 GMT] INFO Creating 1 worker process.
[Sun, 27 May 2012 04:46:28 GMT] INFO Creating 1 worker process.
[Sun, 27 May 2012 04:46:28 GMT] INFO Server worker running in development on port 4000 with a PID of: 2530
[Sun, 27 May 2012 04:46:28 GMT] DEBUG LOGGING STARTED ============================================
[Sun, 27 May 2012 04:46:28 GMT] DEBUG ============================================================
[Sun, 27 May 2012 04:47:18 GMT] INFO Creating 1 worker process.
[Sun, 27 May 2012 04:47:18 GMT] INFO Server worker running in development on port 4000 with a PID of: 2532
[Sun, 27 May 2012 04:47:18 GMT] DEBUG LOGGING STARTED ============================================
[Sun, 27 May 2012 04:47:18 GMT] DEBUG ============================================================
[Sun, 27 May 2012 04:48:27 GMT] INFO Creating 1 worker process.
